2024-03-23 10:57:47,983:INFO:Starting ETL process
2024-03-23 10:57:47,983:INFO:Starting data extraction
2024-03-23 10:57:48,084:INFO:Data extraction completed
2024-03-23 10:57:48,084:INFO:Starting data transformation
2024-03-23 10:57:48,176:INFO:Data transformation completed
2024-03-23 10:57:48,177:INFO:Starting data loading
2024-03-23 10:57:48,483:INFO:Data loading completed
2024-03-23 10:57:48,483:INFO:ETL process completed
2024-03-23 10:57:48,485:INFO:Starting file moving
2024-03-23 10:57:48,491:INFO:File moving completed
2024-03-23 10:57:48,491:INFO:Starting downsampling
2024-03-23 10:57:48,612:INFO:Train file created
2024-03-23 10:57:48,652:INFO:Test file created
2024-04-01 23:18:59,940:INFO:Starting ETL process
2024-04-01 23:18:59,941:INFO:Starting data extraction
2024-04-01 23:19:00,071:INFO:Data extraction completed
2024-04-01 23:19:00,071:INFO:Starting data transformation
2024-04-01 23:19:00,296:INFO:Data transformation completed
2024-04-01 23:19:00,297:INFO:Starting data loading
2024-04-01 23:19:00,646:INFO:Data loading completed
2024-04-01 23:19:00,647:INFO:ETL process completed
2024-04-01 23:19:00,648:INFO:Starting file moving
2024-04-01 23:19:00,684:INFO:File moving completed
2024-04-01 23:19:00,684:INFO:Starting downsampling
2024-04-01 23:19:01,008:INFO:Train file created
2024-04-01 23:19:01,041:INFO:Test file created
